This is XeTeX, Version 3.141592653-2.6-0.999994 (TeX Live 2022/TeX Live for SUSE Linux) (preloaded format=xelatex 2022.5.22)  21 MAY 2023 22:26
entering extended mode
 \write18 enabled.
 %&-line parsing enabled.
**mfatehi-CV.tex
(./mfatehi-CV.tex
LaTeX2e <2021-11-15> patch level 1
L3 programming layer <2022-02-24>
(/usr/share/texmf/tex/latex/moderncv/moderncv.cls
Document Class: moderncv 2022-02-21 v2.3.1 modern curriculum vitae and letter d
ocument class
(/usr/share/texmf/tex/latex/base/size10.clo
File: size10.clo 2021/10/04 v1.4n Standard LaTeX file (size option)
)
(/usr/share/texmf/tex/latex/etoolbox/etoolbox.sty
Package: etoolbox 2020/10/05 v2.5k e-TeX tools for LaTeX (JAW)
\etb@tempcnta=\count181
)
(/usr/share/texmf/tex/latex/base/ifthen.sty
Package: ifthen 2020/11/24 v1.1c Standard LaTeX ifthen package (DPC)
)
(/usr/share/texmf/tex/latex/xcolor/xcolor.sty
Package: xcolor 2021/10/31 v2.13 LaTeX color extensions (UK)

(/usr/share/texmf/tex/latex/graphics-cfg/color.cfg
File: color.cfg 2016/01/02 v1.6 sample color configuration
)
Package xcolor Info: Driver file: xetex.def on input line 227.

(/usr/share/texmf/tex/latex/graphics-def/xetex.def
File: xetex.def 2021/03/18 v5.0k Graphics/color driver for xetex
)
(/usr/share/texmf/tex/latex/colortbl/colortbl.sty
Package: colortbl 2020/01/04 v1.0e Color table columns (DPC)

(/usr/share/texmf/tex/latex/tools/array.sty
Package: array 2021/10/04 v2.5f Tabular extension package (FMi)
\col@sep=\dimen138
\ar@mcellbox=\box50
\extrarowheight=\dimen139
\NC@list=\toks16
\extratabsurround=\skip47
\backup@length=\skip48
\ar@cellbox=\box51
)
\everycr=\toks17
\minrowclearance=\skip49
)
\rownum=\count182
Package xcolor Info: Model `cmy' substituted by `cmy0' on input line 1352.
Package xcolor Info: Model `RGB' extended on input line 1368.
Package xcolor Info: Model `HTML' substituted by `rgb' on input line 1370.
Package xcolor Info: Model `Hsb' substituted by `hsb' on input line 1371.
Package xcolor Info: Model `tHsb' substituted by `hsb' on input line 1372.
Package xcolor Info: Model `HSB' substituted by `hsb' on input line 1373.
Package xcolor Info: Model `Gray' substituted by `gray' on input line 1374.
Package xcolor Info: Model `wave' substituted by `hsb' on input line 1375.
)
(/usr/share/texmf/tex/generic/iftex/iftex.sty
Package: iftex 2022/02/03 v1.0f TeX engine tests
)
(/usr/share/texmf/tex/latex/url/url.sty
\Urlmuskip=\muskip16
Package: url 2013/09/16  ver 3.4  Verb mode for urls, etc.
)
(/usr/share/texmf/tex/latex/graphics/graphicx.sty
Package: graphicx 2021/09/16 v1.2d Enhanced LaTeX Graphics (DPC,SPQR)

(/usr/share/texmf/tex/latex/graphics/keyval.sty
Package: keyval 2014/10/28 v1.15 key=value parser (DPC)
\KV@toks@=\toks18
)
(/usr/share/texmf/tex/latex/graphics/graphics.sty
Package: graphics 2021/03/04 v1.4d Standard LaTeX Graphics (DPC,SPQR)

(/usr/share/texmf/tex/latex/graphics/trig.sty
Package: trig 2021/08/11 v1.11 sin cos tan (DPC)
)
(/usr/share/texmf/tex/latex/graphics-cfg/graphics.cfg
File: graphics.cfg 2016/06/04 v1.11 sample graphics configuration
)
Package graphics Info: Driver file: xetex.def on input line 107.
)
\Gin@req@height=\dimen140
\Gin@req@width=\dimen141
)
(/usr/share/texmf/tex/latex/fancyhdr/fancyhdr.sty
Package: fancyhdr 2021/01/28 v4.0.1 Extensive control of page headers and foote
rs
\f@nch@headwidth=\skip50
\f@nch@O@elh=\skip51
\f@nch@O@erh=\skip52
\f@nch@O@olh=\skip53
\f@nch@O@orh=\skip54
\f@nch@O@elf=\skip55
\f@nch@O@erf=\skip56
\f@nch@O@olf=\skip57
\f@nch@O@orf=\skip58
)
(/usr/share/texmf/tex/latex/moderncv/tweaklist.sty)
(/usr/share/texmf/tex/latex/tools/calc.sty
Package: calc 2017/05/25 v4.3 Infix arithmetic (KKT,FJ)
\calc@Acount=\count183
\calc@Bcount=\count184
\calc@Adimen=\dimen142
\calc@Bdimen=\dimen143
\calc@Askip=\skip59
\calc@Bskip=\skip60
LaTeX Info: Redefining \setlength on input line 80.
LaTeX Info: Redefining \addtolength on input line 81.
\calc@Ccount=\count185
\calc@Cskip=\skip61
)
(/usr/share/texmf/tex/latex/l3packages/xparse/xparse.sty
(/usr/share/texmf/tex/latex/l3kernel/expl3.sty
Package: expl3 2022-02-24 L3 programming layer (loader) 

(/usr/share/texmf/tex/latex/l3backend/l3backend-xetex.def
File: l3backend-xetex.def 2022-02-07 L3 backend support: XeTeX
 (|extractbb --version)
\c__kernel_sys_dvipdfmx_version_int=\count186
\l__color_backend_stack_int=\count187
\g__color_backend_stack_int=\count188
\g__graphics_track_int=\count189
\l__pdf_internal_box=\box52
\g__pdf_backend_object_int=\count190
\g__pdf_backend_annotation_int=\count191
\g__pdf_backend_link_int=\count192
))
Package: xparse 2022-01-12 L3 Experimental document command parser
) (/usr/share/texmf/tex/latex/microtype/microtype.sty
Package: microtype 2022/03/14 v3.0d Micro-typographical refinements (RS)
\MT@toks=\toks19
\MT@tempbox=\box53
\MT@count=\count193
LaTeX Info: Redefining \noprotrusionifhmode on input line 1027.
LaTeX Info: Redefining \leftprotrusion on input line 1028.
LaTeX Info: Redefining \rightprotrusion on input line 1036.
LaTeX Info: Redefining \textls on input line 1195.
\MT@outer@kern=\dimen144
LaTeX Info: Redefining \textmicrotypecontext on input line 1781.
\MT@listname@count=\count194

(/usr/share/texmf/tex/latex/microtype/microtype-xetex.def
File: microtype-xetex.def 2022/03/14 v3.0d Definitions specific to xetex (RS)
LaTeX Info: Redefining \lsstyle on input line 236.
)
Package microtype Info: Loading configuration file microtype.cfg.

(/usr/share/texmf/tex/latex/microtype/microtype.cfg
File: microtype.cfg 2022/03/14 v3.0d microtype main configuration file (RS)
))
(/usr/share/texmf/tex/latex/moderncv/moderncvcollection.sty
Package: moderncvcollection 2022-02-21 v2.3.1 moderncv collections
\c@collection@iterator=\count195
)
(/usr/share/texmf/tex/latex/moderncv/moderncvcompatibility.sty
Package: moderncvcompatibility 2022-02-21 v2.3.1 modern curriculum vitae and le
tter compatibility patches
)
\c@collection@phones@count=\count196
\c@collection@socials@count=\count197
\c@cvcolumnscounter=\count198
\c@cvcolumnsautowidthcounter=\count199
\c@tmpiteratorcounter=\count266
\cvcolumnsdummywidth=\skip62
\cvcolumnswidth=\skip63
\cvcolumnsautowidth=\skip64
\cvcolumnautowidth=\skip65
\bibindent=\skip66
)
(/usr/share/texmf/tex/latex/natbib/natbib.sty
Package: natbib 2010/09/13 8.31b (PWD, AO)
\bibhang=\skip67
\bibsep=\skip68
LaTeX Info: Redefining \cite on input line 694.
\c@NAT@ctr=\count267
)
(/usr/share/texmf/tex/latex/moderncv/moderncvstyleclassic.sty
Package: moderncvstyleclassic 2022-02-21 v2.3.1 modern curriculum vitae and let
ter style scheme: classic

(/usr/share/texmf/tex/latex/moderncv/moderncviconssymbols.sty
Package: moderncviconssymbols 2021-12-12 v2.2.0 modern curriculum vitae icons s
elector

(/usr/share/texmf/tex/latex/moderncv/moderncviconsawesome.sty
Package: moderncviconsawesome 2022-02-21 v2.3.1 modern curriculum vitae icons: 
awesome

(/usr/share/texmf/tex/latex/fontawesome5/fontawesome5.sty
Package: fontawesome5 2021/06/04 v5.15.3 Font Awesome 5

(/usr/share/texmf/tex/latex/l3packages/l3keys2e/l3keys2e.sty
Package: l3keys2e 2022-01-12 LaTeX2e option processing using LaTeX3 keys
)
(/usr/share/texmf/tex/latex/fontawesome5/fontawesome5-utex-helper.sty
Package: fontawesome5-utex-helper 2021/06/04 v5.15.3 uTeX helper for fontawesom
e5
LaTeX Font Info:    Trying to load font information for TU+fontawesomefree on i
nput line 69.

(/usr/share/texmf/tex/latex/fontawesome5/tufontawesomefree.fd)
LaTeX Font Info:    Trying to load font information for TU+fontawesomebrands on
 input line 70.

(/usr/share/texmf/tex/latex/fontawesome5/tufontawesomebrands.fd))))
(/usr/share/texmf/tex/latex/moderncv/moderncviconsacademic.sty
Package: moderncviconsacademic 2022-02-21 v2.3.1 modern curriculum vitae icons:
 academicons

(/usr/share/texmf/tex/latex/academicons/academicons.sty
Package: academicons 2021/11/26 v1.9.1 Academicons Icons
))
(/usr/share/texmf/tex/latex/moderncv/moderncviconstikz.sty
Package: moderncviconstikz 2022-02-21 v2.3.1 modern curriculum vitae and letter
 icons: tickz

(/usr/share/texmf/tex/latex/pgf/frontendlayer/tikz.sty
(/usr/share/texmf/tex/latex/pgf/basiclayer/pgf.sty
(/usr/share/texmf/tex/latex/pgf/utilities/pgfrcs.sty
(/usr/share/texmf/tex/generic/pgf/utilities/pgfutil-common.tex
\pgfutil@everybye=\toks20
\pgfutil@tempdima=\dimen145
\pgfutil@tempdimb=\dimen146

(/usr/share/texmf/tex/generic/pgf/utilities/pgfutil-common-lists.tex))
(/usr/share/texmf/tex/generic/pgf/utilities/pgfutil-latex.def
\pgfutil@abb=\box54
)
(/usr/share/texmf/tex/generic/pgf/utilities/pgfrcs.code.tex
(/usr/share/texmf/tex/generic/pgf/pgf.revision.tex)
Package: pgfrcs 2021/05/15 v3.1.9a (3.1.9a)
))
Package: pgf 2021/05/15 v3.1.9a (3.1.9a)

(/usr/share/texmf/tex/latex/pgf/basiclayer/pgfcore.sty
(/usr/share/texmf/tex/latex/pgf/systemlayer/pgfsys.sty
(/usr/share/texmf/tex/generic/pgf/systemlayer/pgfsys.code.tex
Package: pgfsys 2021/05/15 v3.1.9a (3.1.9a)

(/usr/share/texmf/tex/generic/pgf/utilities/pgfkeys.code.tex
\pgfkeys@pathtoks=\toks21
\pgfkeys@temptoks=\toks22

(/usr/share/texmf/tex/generic/pgf/utilities/pgfkeysfiltered.code.tex
\pgfkeys@tmptoks=\toks23
))
\pgf@x=\dimen147
\pgf@y=\dimen148
\pgf@xa=\dimen149
\pgf@ya=\dimen150
\pgf@xb=\dimen151
\pgf@yb=\dimen152
\pgf@xc=\dimen153
\pgf@yc=\dimen154
\pgf@xd=\dimen155
\pgf@yd=\dimen156
\w@pgf@writea=\write3
\r@pgf@reada=\read2
\c@pgf@counta=\count268
\c@pgf@countb=\count269
\c@pgf@countc=\count270
\c@pgf@countd=\count271
\t@pgf@toka=\toks24
\t@pgf@tokb=\toks25
\t@pgf@tokc=\toks26
\pgf@sys@id@count=\count272

(/usr/share/texmf/tex/generic/pgf/systemlayer/pgf.cfg
File: pgf.cfg 2021/05/15 v3.1.9a (3.1.9a)
)
Driver file for pgf: pgfsys-xetex.def

(/usr/share/texmf/tex/generic/pgf/systemlayer/pgfsys-xetex.def
File: pgfsys-xetex.def 2021/05/15 v3.1.9a (3.1.9a)

(/usr/share/texmf/tex/generic/pgf/systemlayer/pgfsys-dvipdfmx.def
File: pgfsys-dvipdfmx.def 2021/05/15 v3.1.9a (3.1.9a)

(/usr/share/texmf/tex/generic/pgf/systemlayer/pgfsys-common-pdf.def
File: pgfsys-common-pdf.def 2021/05/15 v3.1.9a (3.1.9a)
)
\pgfsys@objnum=\count273
)))
(/usr/share/texmf/tex/generic/pgf/systemlayer/pgfsyssoftpath.code.tex
File: pgfsyssoftpath.code.tex 2021/05/15 v3.1.9a (3.1.9a)
\pgfsyssoftpath@smallbuffer@items=\count274
\pgfsyssoftpath@bigbuffer@items=\count275
)
(/usr/share/texmf/tex/generic/pgf/systemlayer/pgfsysprotocol.code.tex
File: pgfsysprotocol.code.tex 2021/05/15 v3.1.9a (3.1.9a)
))
(/usr/share/texmf/tex/generic/pgf/basiclayer/pgfcore.code.tex
Package: pgfcore 2021/05/15 v3.1.9a (3.1.9a)

(/usr/share/texmf/tex/generic/pgf/math/pgfmath.code.tex
(/usr/share/texmf/tex/generic/pgf/math/pgfmathcalc.code.tex
(/usr/share/texmf/tex/generic/pgf/math/pgfmathutil.code.tex)
(/usr/share/texmf/tex/generic/pgf/math/pgfmathparser.code.tex
\pgfmath@dimen=\dimen157
\pgfmath@count=\count276
\pgfmath@box=\box55
\pgfmath@toks=\toks27
\pgfmath@stack@operand=\toks28
\pgfmath@stack@operation=\toks29
)
(/usr/share/texmf/tex/generic/pgf/math/pgfmathfunctions.code.tex
(/usr/share/texmf/tex/generic/pgf/math/pgfmathfunctions.basic.code.tex)
(/usr/share/texmf/tex/generic/pgf/math/pgfmathfunctions.trigonometric.code.tex)
(/usr/share/texmf/tex/generic/pgf/math/pgfmathfunctions.random.code.tex)
(/usr/share/texmf/tex/generic/pgf/math/pgfmathfunctions.comparison.code.tex)
(/usr/share/texmf/tex/generic/pgf/math/pgfmathfunctions.base.code.tex)
(/usr/share/texmf/tex/generic/pgf/math/pgfmathfunctions.round.code.tex)
(/usr/share/texmf/tex/generic/pgf/math/pgfmathfunctions.misc.code.tex)
(/usr/share/texmf/tex/generic/pgf/math/pgfmathfunctions.integerarithmetics.code
.tex))) (/usr/share/texmf/tex/generic/pgf/math/pgfmathfloat.code.tex
\c@pgfmathroundto@lastzeros=\count277
))
(/usr/share/texmf/tex/generic/pgf/math/pgfint.code.tex)
(/usr/share/texmf/tex/generic/pgf/basiclayer/pgfcorepoints.code.tex
File: pgfcorepoints.code.tex 2021/05/15 v3.1.9a (3.1.9a)
\pgf@picminx=\dimen158
\pgf@picmaxx=\dimen159
\pgf@picminy=\dimen160
\pgf@picmaxy=\dimen161
\pgf@pathminx=\dimen162
\pgf@pathmaxx=\dimen163
\pgf@pathminy=\dimen164
\pgf@pathmaxy=\dimen165
\pgf@xx=\dimen166
\pgf@xy=\dimen167
\pgf@yx=\dimen168
\pgf@yy=\dimen169
\pgf@zx=\dimen170
\pgf@zy=\dimen171
)
(/usr/share/texmf/tex/generic/pgf/basiclayer/pgfcorepathconstruct.code.tex
File: pgfcorepathconstruct.code.tex 2021/05/15 v3.1.9a (3.1.9a)
\pgf@path@lastx=\dimen172
\pgf@path@lasty=\dimen173
)
(/usr/share/texmf/tex/generic/pgf/basiclayer/pgfcorepathusage.code.tex
File: pgfcorepathusage.code.tex 2021/05/15 v3.1.9a (3.1.9a)
\pgf@shorten@end@additional=\dimen174
\pgf@shorten@start@additional=\dimen175
)
(/usr/share/texmf/tex/generic/pgf/basiclayer/pgfcorescopes.code.tex
File: pgfcorescopes.code.tex 2021/05/15 v3.1.9a (3.1.9a)
\pgfpic=\box56
\pgf@hbox=\box57
\pgf@layerbox@main=\box58
\pgf@picture@serial@count=\count278
)
(/usr/share/texmf/tex/generic/pgf/basiclayer/pgfcoregraphicstate.code.tex
File: pgfcoregraphicstate.code.tex 2021/05/15 v3.1.9a (3.1.9a)
\pgflinewidth=\dimen176
)
(/usr/share/texmf/tex/generic/pgf/basiclayer/pgfcoretransformations.code.tex
File: pgfcoretransformations.code.tex 2021/05/15 v3.1.9a (3.1.9a)
\pgf@pt@x=\dimen177
\pgf@pt@y=\dimen178
\pgf@pt@temp=\dimen179
)
(/usr/share/texmf/tex/generic/pgf/basiclayer/pgfcorequick.code.tex
File: pgfcorequick.code.tex 2021/05/15 v3.1.9a (3.1.9a)
)
(/usr/share/texmf/tex/generic/pgf/basiclayer/pgfcoreobjects.code.tex
File: pgfcoreobjects.code.tex 2021/05/15 v3.1.9a (3.1.9a)
)
(/usr/share/texmf/tex/generic/pgf/basiclayer/pgfcorepathprocessing.code.tex
File: pgfcorepathprocessing.code.tex 2021/05/15 v3.1.9a (3.1.9a)
)
(/usr/share/texmf/tex/generic/pgf/basiclayer/pgfcorearrows.code.tex
File: pgfcorearrows.code.tex 2021/05/15 v3.1.9a (3.1.9a)
\pgfarrowsep=\dimen180
)
(/usr/share/texmf/tex/generic/pgf/basiclayer/pgfcoreshade.code.tex
File: pgfcoreshade.code.tex 2021/05/15 v3.1.9a (3.1.9a)
\pgf@max=\dimen181
\pgf@sys@shading@range@num=\count279
\pgf@shadingcount=\count280
)
(/usr/share/texmf/tex/generic/pgf/basiclayer/pgfcoreimage.code.tex
File: pgfcoreimage.code.tex 2021/05/15 v3.1.9a (3.1.9a)

(/usr/share/texmf/tex/generic/pgf/basiclayer/pgfcoreexternal.code.tex
File: pgfcoreexternal.code.tex 2021/05/15 v3.1.9a (3.1.9a)
\pgfexternal@startupbox=\box59
))
(/usr/share/texmf/tex/generic/pgf/basiclayer/pgfcorelayers.code.tex
File: pgfcorelayers.code.tex 2021/05/15 v3.1.9a (3.1.9a)
)
(/usr/share/texmf/tex/generic/pgf/basiclayer/pgfcoretransparency.code.tex
File: pgfcoretransparency.code.tex 2021/05/15 v3.1.9a (3.1.9a)
)
(/usr/share/texmf/tex/generic/pgf/basiclayer/pgfcorepatterns.code.tex
File: pgfcorepatterns.code.tex 2021/05/15 v3.1.9a (3.1.9a)
)
(/usr/share/texmf/tex/generic/pgf/basiclayer/pgfcorerdf.code.tex
File: pgfcorerdf.code.tex 2021/05/15 v3.1.9a (3.1.9a)
)))
(/usr/share/texmf/tex/generic/pgf/modules/pgfmoduleshapes.code.tex
File: pgfmoduleshapes.code.tex 2021/05/15 v3.1.9a (3.1.9a)
\pgfnodeparttextbox=\box60
)
(/usr/share/texmf/tex/generic/pgf/modules/pgfmoduleplot.code.tex
File: pgfmoduleplot.code.tex 2021/05/15 v3.1.9a (3.1.9a)
)
(/usr/share/texmf/tex/latex/pgf/compatibility/pgfcomp-version-0-65.sty
Package: pgfcomp-version-0-65 2021/05/15 v3.1.9a (3.1.9a)
\pgf@nodesepstart=\dimen182
\pgf@nodesepend=\dimen183
)
(/usr/share/texmf/tex/latex/pgf/compatibility/pgfcomp-version-1-18.sty
Package: pgfcomp-version-1-18 2021/05/15 v3.1.9a (3.1.9a)
))
(/usr/share/texmf/tex/latex/pgf/utilities/pgffor.sty
(/usr/share/texmf/tex/latex/pgf/utilities/pgfkeys.sty
(/usr/share/texmf/tex/generic/pgf/utilities/pgfkeys.code.tex))
(/usr/share/texmf/tex/latex/pgf/math/pgfmath.sty
(/usr/share/texmf/tex/generic/pgf/math/pgfmath.code.tex))
(/usr/share/texmf/tex/generic/pgf/utilities/pgffor.code.tex
Package: pgffor 2021/05/15 v3.1.9a (3.1.9a)

(/usr/share/texmf/tex/generic/pgf/math/pgfmath.code.tex)
\pgffor@iter=\dimen184
\pgffor@skip=\dimen185
\pgffor@stack=\toks30
\pgffor@toks=\toks31
))
(/usr/share/texmf/tex/generic/pgf/frontendlayer/tikz/tikz.code.tex
Package: tikz 2021/05/15 v3.1.9a (3.1.9a)

(/usr/share/texmf/tex/generic/pgf/libraries/pgflibraryplothandlers.code.tex
File: pgflibraryplothandlers.code.tex 2021/05/15 v3.1.9a (3.1.9a)
\pgf@plot@mark@count=\count281
\pgfplotmarksize=\dimen186
)
\tikz@lastx=\dimen187
\tikz@lasty=\dimen188
\tikz@lastxsaved=\dimen189
\tikz@lastysaved=\dimen190
\tikz@lastmovetox=\dimen191
\tikz@lastmovetoy=\dimen192
\tikzleveldistance=\dimen193
\tikzsiblingdistance=\dimen194
\tikz@figbox=\box61
\tikz@figbox@bg=\box62
\tikz@tempbox=\box63
\tikz@tempbox@bg=\box64
\tikztreelevel=\count282
\tikznumberofchildren=\count283
\tikznumberofcurrentchild=\count284
\tikz@fig@count=\count285

(/usr/share/texmf/tex/generic/pgf/modules/pgfmodulematrix.code.tex
File: pgfmodulematrix.code.tex 2021/05/15 v3.1.9a (3.1.9a)
\pgfmatrixcurrentrow=\count286
\pgfmatrixcurrentcolumn=\count287
\pgf@matrix@numberofcolumns=\count288
)
\tikz@expandcount=\count289

(/usr/share/texmf/tex/generic/pgf/frontendlayer/tikz/libraries/tikzlibrarytopat
hs.code.tex
File: tikzlibrarytopaths.code.tex 2021/05/15 v3.1.9a (3.1.9a)
))))) (/usr/share/texmf/tex/latex/moderncv/moderncvheadi.sty
Package: moderncvheadi 2022-02-21 v2.3.1 modern curriculum vitae and letter hea
der variant: 1
\quotewidth=\skip69
\makecvheadnamewidth=\skip70
)
(/usr/share/texmf/tex/latex/moderncv/moderncvbodyi.sty
Package: moderncvbodyi 2022-02-21 v2.3.1 modern curriculum vitae and letter bod
y variant: 1

(/usr/share/texmf/tex/latex/moderncv/moderncvskillmatrix.sty
Package: moderncvskillmatrix 2022-02-21 v2.3.1 modern curriculum vitae and lett
er skill matrix

(/usr/share/texmf/tex/latex/multirow/multirow.sty
Package: multirow 2021/03/15 v2.8 Span multiple rows of a table
\multirow@colwidth=\skip71
\multirow@cntb=\count290
\multirow@dima=\skip72
\bigstrutjot=\dimen195
)
(/usr/share/texmf/tex/latex/arydshln/arydshln.sty
Package: arydshln 2019/02/21 v1.76 
\dashlinedash=\dimen196
\dashlinegap=\dimen197
\adl@box=\box65
\adl@height=\dimen198
\adl@heightsave=\dimen199
\adl@depth=\dimen256
\adl@depthsave=\dimen257
\adl@finaldepth=\dimen258
\adl@columns=\count291
\adl@ncol=\count292
\adl@currentcolumn=\count293
\adl@currentcolumnsave=\count294
\adl@totalheight=\count295
\adl@totalheightsave=\count296
\adl@dash=\count297
\adl@gap=\count298
\adl@cla=\count299
\adl@clb=\count300
\adl@everyvbox=\toks32
\adl@LTpagetotal=\dimen259
)
\cvSkill@RectangleSize=\skip73
\my@repeat@count=\count301
\cvskill@width=\skip74
\cvskill@descriptorwidth=\skip75
\cvskill@experiencewidth=\skip76
\skillmatrix@columnwidth=\skip77
\skillmatrix@commentwidth=\skip78
\skillmatrix@padding=\skip79
\skillmatrix@hintscolumnwidth=\skip80
\skillmatrix@bodylength=\skip81
\cvskilllegend@leftdescriptorwidth=\skip82
\cvskilllegend@rightdescriptorwidth=\skip83
\skilllegend@hintscolumnwidth=\skip84
\skilllegend@padding=\skip85
\skilllegend@bodylength=\skip86
\separatorrulewidth=\skip87
)
\hintscolumnwidth=\skip88
\separatorcolumnwidth=\skip89
\maincolumnwidth=\skip90
\doubleitemcolumnwidth=\skip91
\listitemsymbolwidth=\skip92
\listitemcolumnwidth=\skip93
\listdoubleitemcolumnwidth=\skip94
\baseletterheight=\skip95
\cvitemwithcommentbox=\box66
\cvitemwithcommentskilllength=\skip96
\cvitemwithcommentcommentlength=\skip97
))
(/usr/share/texmf/tex/latex/moderncv/moderncvcolorred.sty
Package: moderncvcolorred 2022-02-21 v2.3.1 modern curriculum vitae and letter 
color scheme: red
)
(/usr/share/texmf/tex/latex/psnfss/pifont.sty
Package: pifont 2020/03/25 PSNFSS-v9.3 Pi font support (SPQR) 
LaTeX Font Info:    Trying to load font information for U+pzd on input line 63.


(/usr/share/texmf/tex/latex/psnfss/upzd.fd
File: upzd.fd 2001/06/04 font definitions for U/pzd.
)
LaTeX Font Info:    Trying to load font information for U+psy on input line 64.


(/usr/share/texmf/tex/latex/psnfss/upsy.fd
File: upsy.fd 2001/06/04 font definitions for U/psy.
))
(/usr/share/texmf/tex/latex/geometry/geometry.sty
Package: geometry 2020/01/02 v5.9 Page Geometry

(/usr/share/texmf/tex/generic/iftex/ifvtex.sty
Package: ifvtex 2019/10/25 v1.7 ifvtex legacy package. Use iftex instead.
)
\Gm@cnth=\count302
\Gm@cntv=\count303
\c@Gm@tempcnt=\count304
\Gm@bindingoffset=\dimen260
\Gm@wd@mp=\dimen261
\Gm@odd@mp=\dimen262
\Gm@even@mp=\dimen263
\Gm@layoutwidth=\dimen264
\Gm@layoutheight=\dimen265
\Gm@layouthoffset=\dimen266
\Gm@layoutvoffset=\dimen267
\Gm@dimlist=\toks33
)
(/usr/share/texmf/tex/latex/fontspec/fontspec.sty
Package: fontspec 2022/01/15 v2.8a Font selection for XeLaTeX and LuaLaTeX

(/usr/share/texmf/tex/latex/fontspec/fontspec-xetex.sty
Package: fontspec-xetex 2022/01/15 v2.8a Font selection for XeLaTeX and LuaLaTe
X
\l__fontspec_script_int=\count305
\l__fontspec_language_int=\count306
\l__fontspec_strnum_int=\count307
\l__fontspec_tmp_int=\count308
\l__fontspec_tmpa_int=\count309
\l__fontspec_tmpb_int=\count310
\l__fontspec_tmpc_int=\count311
\l__fontspec_em_int=\count312
\l__fontspec_emdef_int=\count313
\l__fontspec_strong_int=\count314
\l__fontspec_strongdef_int=\count315
\l__fontspec_tmpa_dim=\dimen268
\l__fontspec_tmpb_dim=\dimen269
\l__fontspec_tmpc_dim=\dimen270

(/usr/share/texmf/tex/latex/base/fontenc.sty
Package: fontenc 2021/04/29 v2.0v Standard LaTeX package
)
(/usr/share/texmf/tex/latex/fontspec/fontspec.cfg)))

Package fontspec Info: Font family 'XBNiloofar(0)' created for font 'XB
(fontspec)             Niloofar' with options [Script=Arabic,Scale=1.2].
(fontspec)              
(fontspec)              This font family consists of the following NFSS
(fontspec)             series/shapes:
(fontspec)              
(fontspec)             - 'normal' (m/n) with NFSS spec.: <->s*[1.2]"XB
(fontspec)             Niloofar/OT:script=arab;language=dflt;"
(fontspec)             - 'small caps'  (m/sc) with NFSS spec.: 
(fontspec)             - 'bold' (b/n) with NFSS spec.: <->s*[1.2]"XB
(fontspec)             Niloofar/B/OT:script=arab;language=dflt;"
(fontspec)             - 'bold small caps'  (b/sc) with NFSS spec.: 
(fontspec)             - 'italic' (m/it) with NFSS spec.: <->s*[1.2]"XB
(fontspec)             Niloofar/I/OT:script=arab;language=dflt;"
(fontspec)             - 'italic small caps'  (m/scit) with NFSS spec.: 
(fontspec)             - 'bold italic' (b/it) with NFSS spec.: <->s*[1.2]"XB
(fontspec)             Niloofar/BI/OT:script=arab;language=dflt;"
(fontspec)             - 'bold italic small caps'  (b/scit) with NFSS spec.: 


(/usr/share/texmf/tex/latex/hyperref/hyperref.sty
Package: hyperref 2022-02-21 v7.00n Hypertext links for LaTeX

(/usr/share/texmf/tex/generic/ltxcmds/ltxcmds.sty
Package: ltxcmds 2020-05-10 v1.25 LaTeX kernel commands for general use (HO)
)
(/usr/share/texmf/tex/generic/pdftexcmds/pdftexcmds.sty
Package: pdftexcmds 2020-06-27 v0.33 Utility functions of pdfTeX for LuaTeX (HO
)

(/usr/share/texmf/tex/generic/infwarerr/infwarerr.sty
Package: infwarerr 2019/12/03 v1.5 Providing info/warning/error messages (HO)
)
Package pdftexcmds Info: \pdf@primitive is available.
Package pdftexcmds Info: \pdf@ifprimitive is available.
Package pdftexcmds Info: \pdfdraftmode not found.
)
(/usr/share/texmf/tex/generic/kvsetkeys/kvsetkeys.sty
Package: kvsetkeys 2019/12/15 v1.18 Key value parser (HO)
)
(/usr/share/texmf/tex/generic/kvdefinekeys/kvdefinekeys.sty
Package: kvdefinekeys 2019-12-19 v1.6 Define keys (HO)
)
(/usr/share/texmf/tex/generic/pdfescape/pdfescape.sty
Package: pdfescape 2019/12/09 v1.15 Implements pdfTeX's escape features (HO)
)
(/usr/share/texmf/tex/latex/hycolor/hycolor.sty
Package: hycolor 2020-01-27 v1.10 Color options for hyperref/bookmark (HO)
)
(/usr/share/texmf/tex/latex/letltxmacro/letltxmacro.sty
Package: letltxmacro 2019/12/03 v1.6 Let assignment for LaTeX macros (HO)
)
(/usr/share/texmf/tex/latex/auxhook/auxhook.sty
Package: auxhook 2019-12-17 v1.6 Hooks for auxiliary files (HO)
)
(/usr/share/texmf/tex/latex/kvoptions/kvoptions.sty
Package: kvoptions 2020-10-07 v3.14 Key value format for package options (HO)
)
\@linkdim=\dimen271
\Hy@linkcounter=\count316
\Hy@pagecounter=\count317

(/usr/share/texmf/tex/latex/hyperref/pd1enc.def
File: pd1enc.def 2022-02-21 v7.00n Hyperref: PDFDocEncoding definition (HO)
)
(/usr/share/texmf/tex/generic/intcalc/intcalc.sty
Package: intcalc 2019/12/15 v1.3 Expandable calculations with integers (HO)
)
(/usr/share/texmf/tex/generic/etexcmds/etexcmds.sty
Package: etexcmds 2019/12/15 v1.7 Avoid name clashes with e-TeX commands (HO)
)
\Hy@SavedSpaceFactor=\count318

(/usr/share/texmf/tex/latex/hyperref/puenc.def
File: puenc.def 2022-02-21 v7.00n Hyperref: PDF Unicode definition (HO)
)
Package hyperref Info: Option `unicode' set `true' on input line 4018.
Package hyperref Info: Hyper figures OFF on input line 4137.
Package hyperref Info: Link nesting OFF on input line 4142.
Package hyperref Info: Hyper index ON on input line 4145.
Package hyperref Info: Plain pages OFF on input line 4152.
Package hyperref Info: Backreferencing OFF on input line 4157.
Package hyperref Info: Implicit mode ON; LaTeX internals redefined.
Package hyperref Info: Bookmarks ON on input line 4390.
\c@Hy@tempcnt=\count319
LaTeX Info: Redefining \url on input line 4749.
\XeTeXLinkMargin=\dimen272

(/usr/share/texmf/tex/generic/bitset/bitset.sty
Package: bitset 2019/12/09 v1.3 Handle bit-vector datatype (HO)

(/usr/share/texmf/tex/generic/bigintcalc/bigintcalc.sty
Package: bigintcalc 2019/12/15 v1.5 Expandable calculations on big integers (HO
)
))
\Fld@menulength=\count320
\Field@Width=\dimen273
\Fld@charsize=\dimen274
Package hyperref Info: Hyper figures OFF on input line 6027.
Package hyperref Info: Link nesting OFF on input line 6032.
Package hyperref Info: Hyper index ON on input line 6035.
Package hyperref Info: backreferencing OFF on input line 6042.
Package hyperref Info: Link coloring OFF on input line 6047.
Package hyperref Info: Link coloring with OCG OFF on input line 6052.
Package hyperref Info: PDF/A mode OFF on input line 6057.
LaTeX Info: Redefining \ref on input line 6097.
LaTeX Info: Redefining \pageref on input line 6101.

(/usr/share/texmf/tex/latex/base/atbegshi-ltx.sty
Package: atbegshi-ltx 2021/01/10 v1.0c Emulation of the original atbegshi
package with kernel methods
)
\Hy@abspage=\count321
\c@Item=\count322
\c@Hfootnote=\count323
)
Package hyperref Info: Driver (autodetected): hxetex.

(/usr/share/texmf/tex/latex/hyperref/hxetex.def
File: hxetex.def 2022-02-21 v7.00n Hyperref driver for XeTeX

(/usr/share/texmf/tex/generic/stringenc/stringenc.sty
Package: stringenc 2019/11/29 v1.12 Convert strings between diff. encodings (HO
)
)
\pdfm@box=\box67
\c@Hy@AnnotLevel=\count324
\HyField@AnnotCount=\count325
\Fld@listcount=\count326
\c@bookmark@seq@number=\count327

(/usr/share/texmf/tex/latex/rerunfilecheck/rerunfilecheck.sty
Package: rerunfilecheck 2019/12/05 v1.9 Rerun checks for auxiliary files (HO)

(/usr/share/texmf/tex/latex/base/atveryend-ltx.sty
Package: atveryend-ltx 2020/08/19 v1.0a Emulation of the original atveryend pac
kage
with kernel methods
)
(/usr/share/texmf/tex/generic/uniquecounter/uniquecounter.sty
Package: uniquecounter 2019/12/15 v1.4 Provide unlimited unique counter (HO)
)
Package uniquecounter Info: New unique counter `rerunfilecheck' on input line 2
86.
)
\Hy@SectionHShift=\skip98
)
Package hyperref Info: Option `breaklinks' set `true' on input line 36.
Package hyperref Info: Option `bookmarksopen' set `true' on input line 36.

(./mfatehi-CV.aux)
\openout1 = `mfatehi-CV.aux'.

LaTeX Font Info:    Checking defaults for OML/cmm/m/it on input line 36.
LaTeX Font Info:    ... okay on input line 36.
LaTeX Font Info:    Checking defaults for OMS/cmsy/m/n on input line 36.
LaTeX Font Info:    ... okay on input line 36.
LaTeX Font Info:    Checking defaults for OT1/cmr/m/n on input line 36.
LaTeX Font Info:    ... okay on input line 36.
LaTeX Font Info:    Checking defaults for T1/cmr/m/n on input line 36.
LaTeX Font Info:    ... okay on input line 36.
LaTeX Font Info:    Checking defaults for TS1/cmr/m/n on input line 36.
LaTeX Font Info:    Trying to load font information for TS1+cmr on input line 3
6.
 (/usr/share/texmf/tex/latex/base/ts1cmr.fd
File: ts1cmr.fd 2019/12/16 v2.5j Standard LaTeX font definitions
)
LaTeX Font Info:    ... okay on input line 36.
LaTeX Font Info:    Checking defaults for TU/lmr/m/n on input line 36.
LaTeX Font Info:    ... okay on input line 36.
LaTeX Font Info:    Checking defaults for OMX/cmex/m/n on input line 36.
LaTeX Font Info:    ... okay on input line 36.
LaTeX Font Info:    Checking defaults for U/cmr/m/n on input line 36.
LaTeX Font Info:    ... okay on input line 36.
LaTeX Font Info:    Checking defaults for PD1/pdf/m/n on input line 36.
LaTeX Font Info:    ... okay on input line 36.
LaTeX Font Info:    Checking defaults for PU/pdf/m/n on input line 36.
LaTeX Font Info:    ... okay on input line 36.
LaTeX Info: Redefining \microtypecontext on input line 36.
Package microtype Info: Applying patch `item' on input line 36.
Package microtype Info: Applying patch `toc' on input line 36.
Package microtype Info: Applying patch `eqnum' on input line 36.
Package microtype Info: Applying patch `footnote' on input line 36.
Package microtype Info: Character protrusion enabled (level 2).
Package microtype Info: Using default protrusion set `alltext'.
Package microtype Info: No adjustment of tracking.
Package microtype Info: No adjustment of spacing.
Package microtype Info: No adjustment of kerning.

(/usr/share/texmf/tex/latex/microtype/mt-LatinModernRoman.cfg
File: mt-LatinModernRoman.cfg 2021/02/21 v1.1 microtype config. file: Latin Mod
ern Roman (RS)
)
*geometry* driver: auto-detecting
*geometry* detected driver: xetex
*geometry* verbose mode - [ preamble ] result:
* driver: xetex
* paper: a4paper
* layout: <same size as paper>
* layoutoffset:(h,v)=(0.0pt,0.0pt)
* modes: 
* h-part:(L,W,R)=(62.59605pt, 472.31577pt, 62.59605pt)
* v-part:(T,H,B)=(65.44133pt, 694.24725pt, 85.35826pt)
* \paperwidth=597.50787pt
* \paperheight=845.04684pt
* \textwidth=472.31577pt
* \textheight=694.24725pt
* \oddsidemargin=-9.67393pt
* \evensidemargin=-9.67393pt
* \topmargin=-43.82866pt
* \headheight=12.0pt
* \headsep=25.0pt
* \topskip=10.0pt
* \footskip=30.0pt
* \marginparwidth=57.0pt
* \marginparsep=11.0pt
* \columnsep=10.0pt
* \skip\footins=9.0pt plus 4.0pt minus 2.0pt
* \hoffset=0.0pt
* \voffset=0.0pt
* \mag=1000
* \@twocolumnfalse
* \@twosidefalse
* \@mparswitchfalse
* \@reversemarginfalse
* (1in=72.27pt=25.4mm, 1cm=28.453pt)


Package fontspec Info: Adjusting the maths setup (use [no-math] to avoid
(fontspec)             this).

\symlegacymaths=\mathgroup4
LaTeX Font Info:    Overwriting symbol font `legacymaths' in version `bold'
(Font)                  OT1/cmr/m/n --> OT1/cmr/bx/n on input line 36.
LaTeX Font Info:    Redeclaring math accent \acute on input line 36.
LaTeX Font Info:    Redeclaring math accent \grave on input line 36.
LaTeX Font Info:    Redeclaring math accent \ddot on input line 36.
LaTeX Font Info:    Redeclaring math accent \tilde on input line 36.
LaTeX Font Info:    Redeclaring math accent \bar on input line 36.
LaTeX Font Info:    Redeclaring math accent \breve on input line 36.
LaTeX Font Info:    Redeclaring math accent \check on input line 36.
LaTeX Font Info:    Redeclaring math accent \hat on input line 36.
LaTeX Font Info:    Redeclaring math accent \dot on input line 36.
LaTeX Font Info:    Redeclaring math accent \mathring on input line 36.
LaTeX Font Info:    Redeclaring math symbol \colon on input line 36.
LaTeX Font Info:    Redeclaring math symbol \Gamma on input line 36.
LaTeX Font Info:    Redeclaring math symbol \Delta on input line 36.
LaTeX Font Info:    Redeclaring math symbol \Theta on input line 36.
LaTeX Font Info:    Redeclaring math symbol \Lambda on input line 36.
LaTeX Font Info:    Redeclaring math symbol \Xi on input line 36.
LaTeX Font Info:    Redeclaring math symbol \Pi on input line 36.
LaTeX Font Info:    Redeclaring math symbol \Sigma on input line 36.
LaTeX Font Info:    Redeclaring math symbol \Upsilon on input line 36.
LaTeX Font Info:    Redeclaring math symbol \Phi on input line 36.
LaTeX Font Info:    Redeclaring math symbol \Psi on input line 36.
LaTeX Font Info:    Redeclaring math symbol \Omega on input line 36.
LaTeX Font Info:    Redeclaring math symbol \mathdollar on input line 36.
LaTeX Font Info:    Redeclaring symbol font `operators' on input line 36.
LaTeX Font Info:    Encoding `OT1' has changed to `TU' for symbol font
(Font)              `operators' in the math version `normal' on input line 36.
LaTeX Font Info:    Overwriting symbol font `operators' in version `normal'
(Font)                  OT1/cmr/m/n --> TU/lmr/m/n on input line 36.
LaTeX Font Info:    Encoding `OT1' has changed to `TU' for symbol font
(Font)              `operators' in the math version `bold' on input line 36.
LaTeX Font Info:    Overwriting symbol font `operators' in version `bold'
(Font)                  OT1/cmr/bx/n --> TU/lmr/m/n on input line 36.
LaTeX Font Info:    Overwriting symbol font `operators' in version `normal'
(Font)                  TU/lmr/m/n --> TU/lmr/m/n on input line 36.
LaTeX Font Info:    Overwriting math alphabet `\mathit' in version `normal'
(Font)                  OT1/cmr/m/it --> TU/lmr/m/it on input line 36.
LaTeX Font Info:    Overwriting math alphabet `\mathbf' in version `normal'
(Font)                  OT1/cmr/bx/n --> TU/lmr/b/n on input line 36.
LaTeX Font Info:    Overwriting math alphabet `\mathsf' in version `normal'
(Font)                  OT1/cmss/m/n --> TU/lmss/m/n on input line 36.
LaTeX Font Info:    Overwriting math alphabet `\mathtt' in version `normal'
(Font)                  OT1/cmtt/m/n --> TU/lmtt/m/n on input line 36.
LaTeX Font Info:    Overwriting symbol font `operators' in version `bold'
(Font)                  TU/lmr/m/n --> TU/lmr/b/n on input line 36.
LaTeX Font Info:    Overwriting math alphabet `\mathit' in version `bold'
(Font)                  OT1/cmr/bx/it --> TU/lmr/b/it on input line 36.
LaTeX Font Info:    Overwriting math alphabet `\mathsf' in version `bold'
(Font)                  OT1/cmss/bx/n --> TU/lmss/b/n on input line 36.
LaTeX Font Info:    Overwriting math alphabet `\mathtt' in version `bold'
(Font)                  OT1/cmtt/m/n --> TU/lmtt/b/n on input line 36.
Package hyperref Info: Link coloring OFF on input line 36.
(/usr/share/texmf/tex/latex/hyperref/nameref.sty
Package: nameref 2021-04-02 v2.47 Cross-referencing by name of section

(/usr/share/texmf/tex/latex/refcount/refcount.sty
Package: refcount 2019/12/15 v3.6 Data extraction from label references (HO)
)
(/usr/share/texmf/tex/generic/gettitlestring/gettitlestring.sty
Package: gettitlestring 2019/12/15 v1.6 Cleanup title references (HO)
)
\c@section@level=\count328
)
LaTeX Info: Redefining \ref on input line 36.
LaTeX Info: Redefining \pageref on input line 36.
LaTeX Info: Redefining \nameref on input line 36.

(./mfatehi-CV.out) (./mfatehi-CV.out)
\@outlinefile=\write4
\openout4 = `mfatehi-CV.out'.

\makecvheaddetailsbox=\box68
LaTeX Font Info:    External font `cmex10' loaded for size
(Font)              <9> on input line 38.
LaTeX Font Info:    External font `cmex10' loaded for size
(Font)              <6> on input line 38.
LaTeX Font Info:    External font `cmex10' loaded for size
(Font)              <5> on input line 38.

(/usr/share/texmf/tex/latex/microtype/mt-cmr.cfg
File: mt-cmr.cfg 2013/05/19 v2.2 microtype config. file: Computer Modern Roman 
(RS)
)
(/usr/share/texmf/tex/latex/microtype/mt-TU-empty.cfg
File: mt-TU-empty.cfg 2021/06/22 v1.1 microtype config. file: fonts with nonsta
ndard glyph set (RS)
)
\makecvheadpicturebox=\box69
\makecvheaddetailswidth=\skip99
\makecvheadpicturewidth=\skip100
\makecvheadnamebox=\box70

Underfull \hbox (badness 10000) in paragraph at lines 38--38

 []

LaTeX Font Info:    External font `cmex10' loaded for size
(Font)              <7> on input line 43.
[1

] (./mfatehi-CV.aux)
Package rerunfilecheck Info: File `mfatehi-CV.out' has not changed.
(rerunfilecheck)             Checksum: D3B9FB5811C5E232402711A89CDCA091;914.
 ) 
Here is how much of TeX's memory you used:
 26832 strings out of 477331
 538676 string characters out of 5835028
 925387 words of memory out of 5000000
 47044 multiletter control sequences out of 15000+600000
 472372 words of font info for 67 fonts, out of 8000000 for 9000
 450 hyphenation exceptions out of 8191
 129i,12n,122p,1007b,470s stack positions out of 10000i,1000n,20000p,200000b,200000s

Output written on mfatehi-CV.pdf (1 page).
